<?xml version="1.0" encoding="UTF-8"?>
<testsuite xmlns:xsi="http://www.w3.org/2001/XMLSchema-instance" xsi:noNamespaceSchemaLocation="https://maven.apache.org/surefire/maven-surefire-plugin/xsd/surefire-test-report-3.0.xsd" version="3.0" name="conduitApp.ConduitTest" time="6.175" tests="1" errors="0" skipped="0" failures="0">
  <properties>
[...]
</properties>
  <testcase name="testParallel" classname="conduitApp.ConduitTest" time="6.144">
    <system-out><![CDATA[18:26:53.084 [main] INFO  com.intuit.karate.Runner - using system property 'karate.options': --tags @debug
18:26:54.282 [main] DEBUG com.intuit.karate.Suite - [config] classpath:karate-config.js
18:26:54.286 [main] INFO  com.intuit.karate.Suite - backed up existing 'target\karate-reports' dir to: target\karate-reports_1731518814282
18:26:54.291 [main] DEBUG com.intuit.karate.Suite - waiting for 3 features to complete
18:26:55.304 [pool-2-thread-2] INFO  com.intuit.karate - karate.env system property was: null 
18:26:55.304 [pool-2-thread-1] INFO  com.intuit.karate - karate.env system property was: null 
18:26:55.311 [pool-2-thread-2] INFO  com.intuit.karate - >> lock acquired, begin callSingle: classpath:helpers/CreateToken.feature
18:26:55.648 [pool-2-thread-2] DEBUG com.intuit.karate - request:
1 > POST https://conduit-api.bondaracademy.com/api/users/login
1 > Content-Type: application/json; charset=UTF-8
1 > Content-Length: 61
1 > Host: conduit-api.bondaracademy.com
1 > Connection: Keep-Alive
1 > User-Agent: Apache-HttpClient/4.5.14 (Java/17)
1 > Accept-Encoding: gzip,deflate
{"user":{"email":"dinesh@test.com","password":"dinesh12345"}}

18:26:56.092 [pool-2-thread-2] DEBUG com.intuit.karate - response time in milliseconds: 442
1 < 200
1 < x-powered-by: Express
1 < access-control-allow-origin: https://conduit.bondaracademy.com
1 < vary: Origin
1 < content-type: application/json; charset=utf-8
1 < etag: W/"134-HUVLAo8BmaLj6s+nmkmm23Y90FM"
1 < X-Cloud-Trace-Context: 9cf860bbbc083745f8d5b66c07111c30;o=1
1 < Date: Wed, 13 Nov 2024 17:26:43 GMT
1 < Server: Google Frontend
1 < Content-Length: 308
{"user":{"email":"dinesh@test.com","username":"dinesh90","bio":null,"image":"https://conduit-api.bondaracademy.com/images/smiley-cyrus.jpeg","token":"eyJhbGciOiJIUzI1NiIsInR5cCI6IkpXVCJ9.eyJ1c2VyIjp7ImlkIjoxMjk5OH0sImlhdCI6MTczMTUxODgwMywiZXhwIjoxNzM2NzAyODAzfQ.ZL16uPzW6oZteyzVdedszqbjblZ8iLr_PWm-ES2F0vg"}}

18:26:56.099 [pool-2-thread-2] INFO  com.intuit.karate - << lock released, cached callSingle: classpath:helpers/CreateToken.feature
18:26:56.099 [pool-2-thread-1] WARN  com.intuit.karate - this thread waited 788 milliseconds for callSingle lock: classpath:helpers/CreateToken.feature
18:26:56.345 [pool-2-thread-2] DEBUG com.intuit.karate - request:
1 > POST https://conduit-api.bondaracademy.com/api/articles
1 > Authorization: Token eyJhbGciOiJIUzI1NiIsInR5cCI6IkpXVCJ9.eyJ1c2VyIjp7ImlkIjoxMjk5OH0sImlhdCI6MTczMTUxODgwMywiZXhwIjoxNzM2NzAyODAzfQ.ZL16uPzW6oZteyzVdedszqbjblZ8iLr_PWm-ES2F0vg
1 > Content-Type: application/json; charset=UTF-8
1 > Content-Length: 182
1 > Host: conduit-api.bondaracademy.com
1 > Connection: Keep-Alive
1 > User-Agent: Apache-HttpClient/4.5.14 (Java/17)
1 > Accept-Encoding: gzip,deflate
{"article":{"title":"Noho Dimittis","description":"Mantarys","body":"When the snows fall and the white winds blow, the lone wolf dies but the pack survives.","tagList":["dddfsqdf"]}}

18:26:56.347 [pool-2-thread-1] DEBUG com.intuit.karate - request:
1 > POST https://conduit-api.bondaracademy.com/api/articles
1 > Authorization: Token eyJhbGciOiJIUzI1NiIsInR5cCI6IkpXVCJ9.eyJ1c2VyIjp7ImlkIjoxMjk5OH0sImlhdCI6MTczMTUxODgwMywiZXhwIjoxNzM2NzAyODAzfQ.ZL16uPzW6oZteyzVdedszqbjblZ8iLr_PWm-ES2F0vg
1 > Content-Type: application/json; charset=UTF-8
1 > Content-Length: 156
1 > Host: conduit-api.bondaracademy.com
1 > Connection: Keep-Alive
1 > User-Agent: Apache-HttpClient/4.5.14 (Java/17)
1 > Accept-Encoding: gzip,deflate
{"article":{"title":"Eustace","description":"Myr","body":"Some old wounds never truly heal, and bleed again at the slightest word.","tagList":["dddfsqdf"]}}

18:26:56.638 [pool-2-thread-2] DEBUG com.intuit.karate - response time in milliseconds: 292
1 < 201
1 < x-powered-by: Express
1 < access-control-allow-origin: https://conduit.bondaracademy.com
1 < vary: Origin
1 < content-type: application/json; charset=utf-8
1 < etag: W/"1cd-TwyB6Hq7/V8MvUnazSj+9cuF/CM"
1 < X-Cloud-Trace-Context: 5833b0addc85769ef862f734d7fa02f8
1 < Date: Wed, 13 Nov 2024 17:26:43 GMT
1 < Server: Google Frontend
1 < Content-Length: 461
{"article":{"slug":"Noho-Dimittis-12998","title":"Noho Dimittis","description":"Mantarys","body":"When the snows fall and the white winds blow, the lone wolf dies but the pack survives.","tagList":["dddfsqdf"],"createdAt":"2024-11-13T17:26:43.591Z","updatedAt":"2024-11-13T17:26:43.591Z","favorited":false,"favoritesCount":0,"author":{"username":"dinesh90","bio":null,"image":"https://conduit-api.bondaracademy.com/images/smiley-cyrus.jpeg","following":false}}}

18:26:56.638 [pool-2-thread-1] DEBUG com.intuit.karate - response time in milliseconds: 289
1 < 201
1 < x-powered-by: Express
1 < access-control-allow-origin: https://conduit.bondaracademy.com
1 < vary: Origin
1 < content-type: application/json; charset=utf-8
1 < etag: W/"1ad-u+wuX5ht7Ide6615Yct/S9sSyAQ"
1 < X-Cloud-Trace-Context: c9ec89895d0c61aa47206320bd1b16b3
1 < Date: Wed, 13 Nov 2024 17:26:43 GMT
1 < Server: Google Frontend
1 < Content-Length: 429
{"article":{"slug":"Eustace-12998","title":"Eustace","description":"Myr","body":"Some old wounds never truly heal, and bleed again at the slightest word.","tagList":["dddfsqdf"],"createdAt":"2024-11-13T17:26:43.598Z","updatedAt":"2024-11-13T17:26:43.598Z","favorited":false,"favoritesCount":0,"author":{"username":"dinesh90","bio":null,"image":"https://conduit-api.bondaracademy.com/images/smiley-cyrus.jpeg","following":false}}}

18:26:56.651 [pool-2-thread-2] DEBUG com.intuit.karate - request:
2 > GET https://conduit-api.bondaracademy.com/api/articles?limit=10&offset=0
2 > Authorization: Token eyJhbGciOiJIUzI1NiIsInR5cCI6IkpXVCJ9.eyJ1c2VyIjp7ImlkIjoxMjk5OH0sImlhdCI6MTczMTUxODgwMywiZXhwIjoxNzM2NzAyODAzfQ.ZL16uPzW6oZteyzVdedszqbjblZ8iLr_PWm-ES2F0vg
2 > Host: conduit-api.bondaracademy.com
2 > Connection: Keep-Alive
2 > User-Agent: Apache-HttpClient/4.5.14 (Java/17)
2 > Accept-Encoding: gzip,deflate


18:26:56.959 [pool-2-thread-2] DEBUG com.intuit.karate - response time in milliseconds: 307
2 < 200
2 < x-powered-by: Express
2 < access-control-allow-origin: https://conduit.bondaracademy.com
2 < vary: Origin
2 < content-type: application/json; charset=utf-8
2 < etag: W/"1076-uk2fkv/qCw/LP5B1x2ICPyl/Ay0"
2 < X-Cloud-Trace-Context: a9c101638795000b26bee9a22d47ba11
2 < Date: Wed, 13 Nov 2024 17:26:44 GMT
2 < Server: Google Frontend
2 < Content-Length: 4214
{"articles":[{"slug":"Eustace-12998","title":"Eustace","description":"Myr","body":"Some old wounds never truly heal, and bleed again at the slightest word.","tagList":["dddfsqdf"],"createdAt":"2024-11-13T17:26:43.598Z","updatedAt":"2024-11-13T17:26:43.598Z","favorited":false,"favoritesCount":0,"author":{"username":"dinesh90","bio":null,"image":"https://conduit-api.bondaracademy.com/images/smiley-cyrus.jpeg","following":false}},{"slug":"Noho-Dimittis-12998","title":"Noho Dimittis","description":"Mantarys","body":"When the snows fall and the white winds blow, the lone wolf dies but the pack survives.","tagList":["dddfsqdf"],"createdAt":"2024-11-13T17:26:43.591Z","updatedAt":"2024-11-13T17:26:43.591Z","favorited":false,"favoritesCount":0,"author":{"username":"dinesh90","bio":null,"image":"https://conduit-api.bondaracademy.com/images/smiley-cyrus.jpeg","following":false}},{"slug":"Black-Balaq-12998","title":"Black Balaq","description":"Braavos","body":"A lion doesn't concern itself with the opinion of sheep.","tagList":["dddfsqdf"],"createdAt":"2024-11-13T17:26:07.547Z","updatedAt":"2024-11-13T17:26:07.547Z","favorited":false,"favoritesCount":0,"author":{"username":"dinesh90","bio":null,"image":"https://conduit-api.bondaracademy.com/images/smiley-cyrus.jpeg","following":false}},{"slug":"Colemon-12998","title":"Colemon","description":"Meereen","body":"... a mind needs books as a sword needs a whetstone, if it is to keep its edge.","tagList":["dddfsqdf"],"createdAt":"2024-11-13T17:17:07.553Z","updatedAt":"2024-11-13T17:17:07.553Z","favorited":false,"favoritesCount":0,"author":{"username":"dinesh90","bio":null,"image":"https://conduit-api.bondaracademy.com/images/smiley-cyrus.jpeg","following":false}},{"slug":"Othor-12998","title":"Othor","description":"White Harbor","body":"When the snows fall and the white winds blow, the lone wolf dies but the pack survives.","tagList":["dddfsqdf"],"createdAt":"2024-11-13T17:17:07.527Z","updatedAt":"2024-11-13T17:17:07.527Z","favorited":false,"favoritesCount":0,"author":{"username":"dinesh90","bio":null,"image":"https://conduit-api.bondaracademy.com/images/smiley-cyrus.jpeg","following":false}},{"slug":"Rattleshirt-12998","title":"Rattleshirt","description":"Sar Meel","body":"The things I do for love.","tagList":["dddfsqdf"],"createdAt":"2024-11-13T17:16:07.104Z","updatedAt":"2024-11-13T17:16:07.104Z","favorited":false,"favoritesCount":0,"author":{"username":"dinesh90","bio":null,"image":"https://conduit-api.bondaracademy.com/images/smiley-cyrus.jpeg","following":false}},{"slug":"Nestor-Royce-12998","title":"Nestor Royce","description":"Ny Sar","body":"When you play a game of thrones you win or you die.","tagList":["dddfsqdf"],"createdAt":"2024-11-13T17:16:07.094Z","updatedAt":"2024-11-13T17:16:07.094Z","favorited":false,"favoritesCount":0,"author":{"username":"dinesh90","bio":null,"image":"https://conduit-api.bondaracademy.com/images/smiley-cyrus.jpeg","following":false}},{"slug":"Rafe-12998","title":"Rafe","description":"Qarth","body":"Some old wounds never truly heal, and bleed again at the slightest word.","tagList":["dddfsqdf"],"createdAt":"2024-11-13T17:14:09.834Z","updatedAt":"2024-11-13T17:14:09.834Z","favorited":false,"favoritesCount":0,"author":{"username":"dinesh90","bio":null,"image":"https://conduit-api.bondaracademy.com/images/smiley-cyrus.jpeg","following":false}},{"slug":"Daeron-II-Targaryen-12998","title":"Daeron II Targaryen","description":"Lannisport","body":"When you play a game of thrones you win or you die.","tagList":["dddfsqdf"],"createdAt":"2024-11-13T17:14:09.820Z","updatedAt":"2024-11-13T17:14:09.820Z","favorited":false,"favoritesCount":0,"author":{"username":"dinesh90","bio":null,"image":"https://conduit-api.bondaracademy.com/images/smiley-cyrus.jpeg","following":false}},{"slug":"Byron-12998","title":"Byron","description":"Asshai","body":"Summer will end soon enough, and childhood as well.","tagList":["dddfsqdf"],"createdAt":"2024-11-13T17:13:12.874Z","updatedAt":"2024-11-13T17:13:12.874Z","favorited":false,"favoritesCount":0,"author":{"username":"dinesh90","bio":null,"image":"https://conduit-api.bondaracademy.com/images/smiley-cyrus.jpeg","following":false}}],"articlesCount":37}

18:26:56.971 [pool-2-thread-2] DEBUG com.intuit.karate - request:
3 > DELETE https://conduit-api.bondaracademy.com/api/articles/Noho-Dimittis-12998
3 > Authorization: Token eyJhbGciOiJIUzI1NiIsInR5cCI6IkpXVCJ9.eyJ1c2VyIjp7ImlkIjoxMjk5OH0sImlhdCI6MTczMTUxODgwMywiZXhwIjoxNzM2NzAyODAzfQ.ZL16uPzW6oZteyzVdedszqbjblZ8iLr_PWm-ES2F0vg
3 > Host: conduit-api.bondaracademy.com
3 > Connection: Keep-Alive
3 > User-Agent: Apache-HttpClient/4.5.14 (Java/17)
3 > Accept-Encoding: gzip,deflate


18:26:57.161 [pool-2-thread-2] DEBUG com.intuit.karate - response time in milliseconds: 189
3 < 204
3 < x-powered-by: Express
3 < access-control-allow-origin: https://conduit.bondaracademy.com
3 < vary: Origin
3 < etag: W/"a-bAsFyilMr4Ra1hIU5PyoyFRunpI"
3 < X-Cloud-Trace-Context: 6d5a0897f87563fe20b96d4c3ee5ce7f
3 < Date: Wed, 13 Nov 2024 17:26:44 GMT
3 < Content-Type: text/html
3 < Server: Google Frontend
3 < Content-Length: 0


18:26:57.164 [pool-2-thread-2] DEBUG com.intuit.karate - request:
4 > GET https://conduit-api.bondaracademy.com/api/articles?limit=10&offset=0
4 > Authorization: Token eyJhbGciOiJIUzI1NiIsInR5cCI6IkpXVCJ9.eyJ1c2VyIjp7ImlkIjoxMjk5OH0sImlhdCI6MTczMTUxODgwMywiZXhwIjoxNzM2NzAyODAzfQ.ZL16uPzW6oZteyzVdedszqbjblZ8iLr_PWm-ES2F0vg
4 > Host: conduit-api.bondaracademy.com
4 > Connection: Keep-Alive
4 > User-Agent: Apache-HttpClient/4.5.14 (Java/17)
4 > Accept-Encoding: gzip,deflate


18:26:57.459 [pool-2-thread-2] DEBUG com.intuit.karate - response time in milliseconds: 294
4 < 200
4 < x-powered-by: Express
4 < access-control-allow-origin: https://conduit.bondaracademy.com
4 < vary: Origin
4 < content-type: application/json; charset=utf-8
4 < etag: W/"1074-nsXH/fkYKX46Chwvo/RFRKMV4Vw"
4 < X-Cloud-Trace-Context: 0ff47837eeedd9af629dc688713e31d7
4 < Date: Wed, 13 Nov 2024 17:26:44 GMT
4 < Server: Google Frontend
4 < Content-Length: 4212
{"articles":[{"slug":"Eustace-12998","title":"Eustace","description":"Myr","body":"Some old wounds never truly heal, and bleed again at the slightest word.","tagList":["dddfsqdf"],"createdAt":"2024-11-13T17:26:43.598Z","updatedAt":"2024-11-13T17:26:43.598Z","favorited":false,"favoritesCount":0,"author":{"username":"dinesh90","bio":null,"image":"https://conduit-api.bondaracademy.com/images/smiley-cyrus.jpeg","following":false}},{"slug":"Black-Balaq-12998","title":"Black Balaq","description":"Braavos","body":"A lion doesn't concern itself with the opinion of sheep.","tagList":["dddfsqdf"],"createdAt":"2024-11-13T17:26:07.547Z","updatedAt":"2024-11-13T17:26:07.547Z","favorited":false,"favoritesCount":0,"author":{"username":"dinesh90","bio":null,"image":"https://conduit-api.bondaracademy.com/images/smiley-cyrus.jpeg","following":false}},{"slug":"Colemon-12998","title":"Colemon","description":"Meereen","body":"... a mind needs books as a sword needs a whetstone, if it is to keep its edge.","tagList":["dddfsqdf"],"createdAt":"2024-11-13T17:17:07.553Z","updatedAt":"2024-11-13T17:17:07.553Z","favorited":false,"favoritesCount":0,"author":{"username":"dinesh90","bio":null,"image":"https://conduit-api.bondaracademy.com/images/smiley-cyrus.jpeg","following":false}},{"slug":"Othor-12998","title":"Othor","description":"White Harbor","body":"When the snows fall and the white winds blow, the lone wolf dies but the pack survives.","tagList":["dddfsqdf"],"createdAt":"2024-11-13T17:17:07.527Z","updatedAt":"2024-11-13T17:17:07.527Z","favorited":false,"favoritesCount":0,"author":{"username":"dinesh90","bio":null,"image":"https://conduit-api.bondaracademy.com/images/smiley-cyrus.jpeg","following":false}},{"slug":"Rattleshirt-12998","title":"Rattleshirt","description":"Sar Meel","body":"The things I do for love.","tagList":["dddfsqdf"],"createdAt":"2024-11-13T17:16:07.104Z","updatedAt":"2024-11-13T17:16:07.104Z","favorited":false,"favoritesCount":0,"author":{"username":"dinesh90","bio":null,"image":"https://conduit-api.bondaracademy.com/images/smiley-cyrus.jpeg","following":false}},{"slug":"Nestor-Royce-12998","title":"Nestor Royce","description":"Ny Sar","body":"When you play a game of thrones you win or you die.","tagList":["dddfsqdf"],"createdAt":"2024-11-13T17:16:07.094Z","updatedAt":"2024-11-13T17:16:07.094Z","favorited":false,"favoritesCount":0,"author":{"username":"dinesh90","bio":null,"image":"https://conduit-api.bondaracademy.com/images/smiley-cyrus.jpeg","following":false}},{"slug":"Rafe-12998","title":"Rafe","description":"Qarth","body":"Some old wounds never truly heal, and bleed again at the slightest word.","tagList":["dddfsqdf"],"createdAt":"2024-11-13T17:14:09.834Z","updatedAt":"2024-11-13T17:14:09.834Z","favorited":false,"favoritesCount":0,"author":{"username":"dinesh90","bio":null,"image":"https://conduit-api.bondaracademy.com/images/smiley-cyrus.jpeg","following":false}},{"slug":"Daeron-II-Targaryen-12998","title":"Daeron II Targaryen","description":"Lannisport","body":"When you play a game of thrones you win or you die.","tagList":["dddfsqdf"],"createdAt":"2024-11-13T17:14:09.820Z","updatedAt":"2024-11-13T17:14:09.820Z","favorited":false,"favoritesCount":0,"author":{"username":"dinesh90","bio":null,"image":"https://conduit-api.bondaracademy.com/images/smiley-cyrus.jpeg","following":false}},{"slug":"Byron-12998","title":"Byron","description":"Asshai","body":"Summer will end soon enough, and childhood as well.","tagList":["dddfsqdf"],"createdAt":"2024-11-13T17:13:12.874Z","updatedAt":"2024-11-13T17:13:12.874Z","favorited":false,"favoritesCount":0,"author":{"username":"dinesh90","bio":null,"image":"https://conduit-api.bondaracademy.com/images/smiley-cyrus.jpeg","following":false}},{"slug":"Mathos-Mallarawan-12998","title":"Mathos Mallarawan","description":"Asshai","body":"... a mind needs books as a sword needs a whetstone, if it is to keep its edge.","tagList":["dddfsqdf"],"createdAt":"2024-11-13T17:13:12.870Z","updatedAt":"2024-11-13T17:13:12.870Z","favorited":false,"favoritesCount":0,"author":{"username":"dinesh90","bio":null,"image":"https://conduit-api.bondaracademy.com/images/smiley-cyrus.jpeg","following":false}}],"articlesCount":36}

---------------------------------------------------------
feature: classpath:conduitApp/feature/Articles.feature
scenarios:  2 | passed:  2 | failed:  0 | time: 1,8951
---------------------------------------------------------

18:26:58.701 [pool-3-thread-1] INFO  com.intuit.karate.Suite - <<pass>> feature 1 of 3 (2 remaining) classpath:conduitApp/feature/Articles.feature
Karate version: 1.5.0
======================================================
elapsed:   5,62 | threads:    5 | thread time: 1,90 
features:     1 | skipped:    2 | efficiency: 0,07
scenarios:    2 | passed:     2 | failed: 0
======================================================

HTML report: (paste into browser to view) | Karate version: 1.5.0
file:///C:/Karate_Sessions/KarateDinesh/target/karate-reports/karate-summary.html
===================================================================

]]></system-out>
  </testcase>
</testsuite>